<?xml version="1.0" encoding="UTF-8"?>
<!-- Generated by org.testng.reporters.JUnitReportReporter -->
<testsuite hostname="corpvmdevqa01" name="executionEngine.DriverScript" tests="1" failures="0" timestamp="11 Feb 2019 15:37:48 GMT" time="2.090" errors="0">
  <testcase name="mains" time="2.090" classname="executionEngine.DriverScript"/>
</testsuite> <!-- executionEngine.DriverScript -->
